# JRE version: OpenJDK Runtime Environment Zulu17.62+17-CA (17.0.17+10) (build 17.0.17+10-LTS)
# Java VM: OpenJDK 64-Bit Server VM Zulu17.62+17-CA (17.0.17+10-LTS, mixed mode, sharing, tiered, compressed oops, compressed class ptrs, g1 gc, windows-amd64)
GC Precious Log:
 CPUs: 16 total, 16 available
 Memory: 32605M
 Large Page Support: Disabled
 NUMA Support: Disabled
 Compressed Oops: Enabled (Zero based)
 Heap Region Size: 2M
 Heap Min Capacity: 8M
 Heap Initial Capacity: 510M
 Heap Max Capacity: 3G
 Pre-touch: Disabled
 Parallel Workers: 13
 Concurrent Workers: 3
 Concurrent Refinement Workers: 13
 Periodic GC: Disabled
Heap:
 garbage-first heap   total 307200K, used 219310K [0x0000000740000000, 0x0000000800000000)
  region size 2048K, 99 young (202752K), 10 survivors (20480K)
 Metaspace       used 59303K, committed 59904K, reserved 1114112K
  class space    used 8175K, committed 8448K, reserved 1048576K
GC Heap History (20 events):
Event: 0.298 GC heap after
{Heap after GC invocations=2 (full 0):
 garbage-first heap   total 522240K, used 13496K [0x0000000740000000, 0x0000000800000000)
  region size 2048K, 2 young (4096K), 2 survivors (4096K)
 Metaspace       used 4213K, committed 4352K, reserved 1114112K
  class space    used 503K, committed 576K, reserved 1048576K
}
Event: 1.165 GC heap before
{Heap before GC invocations=2 (full 0):
 garbage-first heap   total 522240K, used 134328K [0x0000000740000000, 0x0000000800000000)
  region size 2048K, 62 young (126976K), 2 survivors (4096K)
 Metaspace       used 21219K, committed 21504K, reserved 1114112K
  class space    used 3131K, committed 3264K, reserved 1048576K
}
Event: 1.169 GC heap after
{Heap after GC invocations=3 (full 0):
 garbage-first heap   total 522240K, used 21970K [0x0000000740000000, 0x0000000800000000)
  region size 2048K, 6 young (12288K), 6 survivors (12288K)
 Metaspace       used 21219K, committed 21504K, reserved 1114112K
  class space    used 3131K, committed 3264K, reserved 1048576K
}
Event: 1.472 GC heap before
{Heap before GC invocations=4 (full 0):
 garbage-first heap   total 90112K, used 64978K [0x0000000740000000, 0x0000000800000000)
  region size 2048K, 28 young (57344K), 6 survivors (12288K)
 Metaspace       used 26702K, committed 27008K, reserved 1114112K
  class space    used 3969K, committed 4096K, reserved 1048576K
}
Event: 1.476 GC heap after
{Heap after GC invocations=5 (full 0):
 garbage-first heap   total 90112K, used 24920K [0x0000000740000000, 0x0000000800000000)
  region size 2048K, 2 young (4096K), 2 survivors (4096K)
 Metaspace       used 26702K, committed 27008K, reserved 1114112K
  class space    used 3969K, committed 4096K, reserved 1048576K
}
Event: 1.493 GC heap before
{Heap before GC invocations=5 (full 0):
 garbage-first heap   total 90112K, used 26968K [0x0000000740000000, 0x0000000800000000)
  region size 2048K, 3 young (6144K), 2 survivors (4096K)
 Metaspace       used 27360K, committed 27712K, reserved 1114112K
  class space    used 4002K, committed 4160K, reserved 1048576K
}
Event: 1.494 GC heap after
{Heap after GC invocations=6 (full 0):
 garbage-first heap   total 90112K, used 25237K [0x0000000740000000, 0x0000000800000000)
  region size 2048K, 1 young (2048K), 1 survivors (2048K)
 Metaspace       used 27360K, committed 27712K, reserved 1114112K
  class space    used 4002K, committed 4160K, reserved 1048576K
}
Event: 1.694 GC heap before
{Heap before GC invocations=6 (full 0):
 garbage-first heap   total 90112K, used 62101K [0x0000000740000000, 0x0000000800000000)
  region size 2048K, 20 young (40960K), 1 survivors (2048K)
 Metaspace       used 31802K, committed 32128K, reserved 1114112K
  class space    used 4452K, committed 4608K, reserved 1048576K
}
Event: 1.696 GC heap after
{Heap after GC invocations=7 (full 0):
 garbage-first heap   total 90112K, used 29223K [0x0000000740000000, 0x0000000800000000)
  region size 2048K, 3 young (6144K), 3 survivors (6144K)
 Metaspace       used 31802K, committed 32128K, reserved 1114112K
  class space    used 4452K, committed 4608K, reserved 1048576K
}
Event: 1.934 GC heap before
{Heap before GC invocations=7 (full 0):
 garbage-first heap   total 90112K, used 68135K [0x0000000740000000, 0x0000000800000000)
  region size 2048K, 20 young (40960K), 3 survivors (6144K)
 Metaspace       used 34932K, committed 35328K, reserved 1114112K
  class space    used 4837K, committed 4992K, reserved 1048576K
}
Event: 1.935 GC heap after
{Heap after GC invocations=8 (full 0):
 garbage-first heap   total 90112K, used 31544K [0x0000000740000000, 0x0000000800000000)
  region size 2048K, 2 young (4096K), 2 survivors (4096K)
 Metaspace       used 34932K, committed 35328K, reserved 1114112K
  class space    used 4837K, committed 4992K, reserved 1048576K
}
Event: 1.970 GC heap before
{Heap before GC invocations=8 (full 0):
 garbage-first heap   total 90112K, used 37688K [0x0000000740000000, 0x0000000800000000)
  region size 2048K, 6 young (12288K), 2 survivors (4096K)
 Metaspace       used 35597K, committed 35968K, reserved 1114112K
  class space    used 4954K, committed 5120K, reserved 1048576K
}
Event: 1.972 GC heap after
{Heap after GC invocations=9 (full 0):
 garbage-first heap   total 90112K, used 32220K [0x0000000740000000, 0x0000000800000000)
  region size 2048K, 1 young (2048K), 1 survivors (2048K)
 Metaspace       used 35597K, committed 35968K, reserved 1114112K
  class space    used 4954K, committed 5120K, reserved 1048576K
}
Event: 2.206 GC heap before
{Heap before GC invocations=10 (full 0):
 garbage-first heap   total 90112K, used 67036K [0x0000000740000000, 0x0000000800000000)
  region size 2048K, 18 young (36864K), 1 survivors (2048K)
 Metaspace       used 39418K, committed 39808K, reserved 1114112K
  class space    used 5547K, committed 5696K, reserved 1048576K
}
Event: 2.208 GC heap after
{Heap after GC invocations=11 (full 0):
 garbage-first heap   total 90112K, used 33689K [0x0000000740000000, 0x0000000800000000)
  region size 2048K, 2 young (4096K), 2 survivors (4096K)
 Metaspace       used 39418K, committed 39808K, reserved 1114112K
  class space    used 5547K, committed 5696K, reserved 1048576K
}
Event: 2.221 GC heap before
{Heap before GC invocations=11 (full 0):
 garbage-first heap   total 90112K, used 35737K [0x0000000740000000, 0x0000000800000000)
  region size 2048K, 3 young (6144K), 2 survivors (4096K)
 Metaspace       used 39590K, committed 40000K, reserved 1114112K
  class space    used 5581K, committed 5760K, reserved 1048576K
}
Event: 2.223 GC heap after
{Heap after GC invocations=12 (full 0):
 garbage-first heap   total 90112K, used 33247K [0x0000000740000000, 0x0000000800000000)
  region size 2048K, 1 young (2048K), 1 survivors (2048K)
 Metaspace       used 39590K, committed 40000K, reserved 1114112K
  class space    used 5581K, committed 5760K, reserved 1048576K
}
Event: 2.475 GC heap before
{Heap before GC invocations=12 (full 0):
 garbage-first heap   total 90112K, used 63967K [0x0000000740000000, 0x0000000800000000)
  region size 2048K, 17 young (34816K), 1 survivors (2048K)
 Metaspace       used 42948K, committed 43520K, reserved 1114112K
  class space    used 5951K, committed 6208K, reserved 1048576K
}
Event: 2.479 GC heap after
{Heap after GC invocations=13 (full 0):
 garbage-first heap   total 307200K, used 34990K [0x0000000740000000, 0x0000000800000000)
  region size 2048K, 1 young (2048K), 1 survivors (2048K)
 Metaspace       used 42948K, committed 43520K, reserved 1114112K
  class space    used 5951K, committed 6208K, reserved 1048576K
}
Event: 5.849 GC heap before
{Heap before GC invocations=13 (full 0):
 garbage-first heap   total 307200K, used 219310K [0x0000000740000000, 0x0000000800000000)
  region size 2048K, 90 young (184320K), 1 survivors (2048K)
 Metaspace       used 59303K, committed 59904K, reserved 1114112K
  class space    used 8175K, committed 8448K, reserved 1048576K
}

